#
# A fatal error has been detected by the Java Runtime Environment:
#
#  Internal Error (safepoint.cpp:919), pid=1281, tid=36871
#  fatal error: Illegal threadstate encountered: 4
#
# JRE version: OpenJDK Runtime Environment Temurin-11.0.14.1+1 (11.0.14.1+1) (build 11.0.14.1+1)
# Java VM: OpenJDK 64-Bit Server VM Temurin-11.0.14.1+1 (11.0.14.1+1, mixed mode, tiered, compressed oops, g1 gc, bsd-amd64)
# No core dump will be written. Core dumps have been disabled. To enable core dumping, try "ulimit -c unlimited" before starting Java again
#
# If you would like to submit a bug report, please visit:
#   https://github.com/adoptium/adoptium-support/issues
# The crash happened outside the Java Virtual Machine in native code.
# See problematic frame for where to report the bug.
#

---------------  S U M M A R Y ------------

Command Line: -Dfile.encoding=UTF-8 it.polito.tdp.genes.Main

Host: MacBookPro14,1 x86_64 2300 MHz, 4 cores, 8G, Darwin 21.5.0
Time: Sun Jun 26 12:47:04 2022 CEST elapsed time: 15.445187 seconds (0d 0h 0m 15s)

---------------  T H R E A D  ---------------

Current thread (0x00007f8040923000):  JavaThread "InvokeLaterDispatcher" daemon [_thread_in_native, id=36871, stack(0x000070000645b000,0x000070000655b000)]

Stack: [0x000070000645b000,0x000070000655b000],  sp=0x00007000065592d0,  free space=1016k
Native frames: (J=compiled Java code, A=aot compiled Java code, j=interpreted, Vv=VM code, C=native code)
V  [libjvm.dylib+0x7c5ab3]  _ZN7VMError14report_and_dieEiPKcS1_P13__va_list_tagP6ThreadPhPvS7_S1_im+0x601
V  [libjvm.dylib+0x276985]  _Z12report_fatal11VMErrorTypePKciS1_z+0xc0
V  [libjvm.dylib+0x69bc15]  _ZN20SafepointSynchronize5blockEP10JavaThread+0x1d9
V  [libjvm.dylib+0x69d183]  _ZN18SafepointMechanism23block_if_requested_slowEP10JavaThread+0x1d
V  [libjvm.dylib+0x77e5c4]  _ZN10JavaThread44check_safepoint_and_suspend_for_native_transEPS_+0x9c
V  [libjvm.dylib+0x3f36ae]  jni_DeleteGlobalRef+0x93
C  [libglass.dylib+0x8871]  -[GlassRunnable dealloc]+0x31
C  [Foundation+0x818ee]  -[_NSThreadPerformInfo dealloc]+0x2a
C  [Foundation+0x4e466]  -[NSObject(NSThreadPerformAdditions) performSelectorOnMainThread:withObject:waitUntilDone:]+0x7c
j  com.sun.glass.ui.mac.MacApplication._submitForLaterInvocation(Ljava/lang/Runnable;)V+0
j  com.sun.glass.ui.mac.MacApplication.submitForLaterInvocation(Ljava/lang/Runnable;)V+2
j  com.sun.glass.ui.InvokeLaterDispatcher.run()V+82
v  ~StubRoutines::call_stub
V  [libjvm.dylib+0x3b7c22]  _ZN9JavaCalls11call_helperEP9JavaValueRK12methodHandleP17JavaCallArgumentsP6Thread+0x1fe
V  [libjvm.dylib+0x3b7088]  _ZN9JavaCalls12call_virtualEP9JavaValueP5KlassP6SymbolS5_P17JavaCallArgumentsP6Thread+0xee
V  [libjvm.dylib+0x3b7144]  _ZN9JavaCalls12call_virtualEP9JavaValue6HandleP5KlassP6SymbolS6_P6Thread+0x62
V  [libjvm.dylib+0x43dfce]  _ZL12thread_entryP10JavaThreadP6Thread+0x78
V  [libjvm.dylib+0x77d03c]  _ZN10JavaThread17thread_main_innerEv+0x82
V  [libjvm.dylib+0x77ce86]  _ZN10JavaThread3runEv+0x122
V  [libjvm.dylib+0x77ada0]  _ZN6Thread8call_runEv+0x68
V  [libjvm.dylib+0x6291d1]  _ZL19thread_native_entryP6Thread+0x139
C  [libsystem_pthread.dylib+0x64e1]  _pthread_start+0x7d
C  [libsystem_pthread.dylib+0x1f6b]  thread_start+0xf

Java frames: (J=compiled Java code, j=interpreted, Vv=VM code)
j  com.sun.glass.ui.mac.MacApplication._submitForLaterInvocation(Ljava/lang/Runnable;)V+0
j  com.sun.glass.ui.mac.MacApplication.submitForLaterInvocation(Ljava/lang/Runnable;)V+2
j  com.sun.glass.ui.InvokeLaterDispatcher.run()V+82
v  ~StubRoutines::call_stub

---------------  P R O C E S S  ---------------

Threads class SMR info:
_java_thread_list=0x00006000033ad6e0, length=17, elements={
0x00007f8040808800, 0x00007f8040828800, 0x00007f804082d800, 0x00007f8040831800,
0x00007f8040830000, 0x00007f8040838800, 0x00007f8040839800, 0x00007f80410c6000,
0x00007f8041103000, 0x00007f8041113800, 0x00007f8041114000, 0x00007f8040923000,
0x00007f804197c000, 0x00007f8040b8f000, 0x00007f803fb75800, 0x00007f8040bbb000,
0x00007f803fb79000
}

Java Threads: ( => current thread )
  0x00007f8040808800 JavaThread "main" [_thread_blocked, id=10243, stack(0x000070000509c000,0x000070000519c000)]
  0x00007f8040828800 JavaThread "Reference Handler" daemon [_thread_blocked, id=18179, stack(0x00007000057b1000,0x00007000058b1000)]
  0x00007f804082d800 JavaThread "Finalizer" daemon [_thread_blocked, id=17667, stack(0x00007000058b4000,0x00007000059b4000)]
  0x00007f8040831800 JavaThread "Signal Dispatcher" daemon [_thread_blocked, id=15619, stack(0x0000700005b40000,0x0000700005c40000)]
  0x00007f8040830000 JavaThread "Service Thread" daemon [_thread_blocked, id=43267, stack(0x0000700005c43000,0x0000700005d43000)]
  0x00007f8040838800 JavaThread "C2 CompilerThread0" daemon [_thread_blocked, id=22275, stack(0x0000700005d46000,0x0000700005e46000)]
  0x00007f8040839800 JavaThread "C1 CompilerThread0" daemon [_thread_blocked, id=42755, stack(0x0000700005e49000,0x0000700005f49000)]
  0x00007f80410c6000 JavaThread "Sweeper thread" daemon [_thread_blocked, id=23299, stack(0x0000700005f4c000,0x000070000604c000)]
  0x00007f8041103000 JavaThread "Common-Cleaner" daemon [_thread_blocked, id=41987, stack(0x0000700006152000,0x0000700006252000)]
  0x00007f8041113800 JavaThread "JavaFX-Launcher" [_thread_blocked, id=41219, stack(0x0000700006255000,0x0000700006355000)]
  0x00007f8041114000 JavaThread "QuantumRenderer-0" daemon [_thread_blocked, id=40963, stack(0x0000700006358000,0x0000700006458000)]
=>0x00007f8040923000 JavaThread "InvokeLaterDispatcher" daemon [_thread_in_native, id=36871, stack(0x000070000645b000,0x000070000655b000)]
  0x00007f804197c000 JavaThread "JavaFX Application Thread" [_thread_in_native_trans, id=259, stack(0x00007ff7b5050000,0x00007ff7b5850000)]
  0x00007f8040b8f000 JavaThread "Thread-3" daemon [_thread_in_native, id=82439, stack(0x000070000655e000,0x00007000065de000)]
  0x00007f803fb75800 JavaThread "Prism Font Disposer" daemon [_thread_blocked, id=54283, stack(0x0000700006a73000,0x0000700006b73000)]
  0x00007f8040bbb000 JavaThread "Cleaner-0" daemon [_thread_blocked, id=59915, stack(0x0000700006b76000,0x0000700006c76000)]
  0x00007f803fb79000 JavaThread "HikariPool-1 housekeeper" daemon [_thread_blocked, id=66835, stack(0x0000700006c79000,0x0000700006d79000)]

Other Threads:
  0x00007f804100f000 VMThread "VM Thread" [stack: 0x00007000056ae000,0x00007000057ae000] [id=13059]
  0x00007f8040836800 WatcherThread [stack: 0x000070000604f000,0x000070000614f000] [id=23555]
  0x00007f804080b000 GCTaskThread "GC Thread#0" [stack: 0x000070000519f000,0x000070000529f000] [id=20739]
  0x00007f8040baf800 GCTaskThread "GC Thread#1" [stack: 0x000070000676a000,0x000070000686a000] [id=74755]
  0x00007f8041990800 GCTaskThread "GC Thread#2" [stack: 0x000070000686d000,0x000070000696d000] [id=74499]
  0x00007f80419a3000 GCTaskThread "GC Thread#3" [stack: 0x0000700006970000,0x0000700006a70000] [id=73987]
  0x00007f8041034000 ConcurrentGCThread "G1 Main Marker" [stack: 0x00007000052a2000,0x00007000053a2000] [id=11779]
  0x00007f8041034800 ConcurrentGCThread "G1 Conc#0" [stack: 0x00007000053a5000,0x00007000054a5000] [id=19971]
  0x00007f8041085800 ConcurrentGCThread "G1 Refine#0" [stack: 0x00007000054a8000,0x00007000055a8000] [id=19715]
  0x00007f8041086000 ConcurrentGCThread "G1 Young RemSet Sampling" [stack: 0x00007000055ab000,0x00007000056ab000] [id=19459]

Threads with active compile tasks:

VM state:not at safepoint (normal execution)

VM Mutex/Monitor currently owned by a thread: None

Heap address: 0x0000000780000000, size: 2048 MB, Compressed Oops mode: Zero based, Oop shift amount: 3
Narrow klass base: 0x0000000800000000, Narrow klass shift: 0
Compressed class space size: 1073741824 Address: 0x0000000800000000

Heap:
 garbage-first heap   total 131072K, used 22766K [0x0000000780000000, 0x0000000800000000)
  region size 1024K, 14 young (14336K), 4 survivors (4096K)
 Metaspace       used 30172K, capacity 31353K, committed 31616K, reserved 1077248K
  class space    used 3680K, capacity 4180K, committed 4224K, reserved 1048576K
Heap Regions: E=young(eden), S=young(survivor), O=old, HS=humongous(starts), HC=humongous(continues), CS=collection set, F=free, A=archive, TAMS=top-at-mark-start (previous, next)
|   0|0x0000000780000000, 0x0000000780100000, 0x0000000780100000|100%| O|  |TAMS 0x0000000780100000, 0x0000000780000000| Untracked 
|   1|0x0000000780100000, 0x0000000780200000, 0x0000000780200000|100%| O|  |TAMS 0x0000000780200000, 0x0000000780100000| Untracked 
|   2|0x0000000780200000, 0x0000000780300000, 0x0000000780300000|100%| O|  |TAMS 0x0000000780300000, 0x0000000780200000| Untracked 
|   3|0x0000000780300000, 0x0000000780400000, 0x0000000780400000|100%| O|  |TAMS 0x0000000780306600, 0x0000000780300000| Untracked 
|   4|0x0000000780400000, 0x0000000780500000, 0x0000000780500000|100%|HS|  |TAMS 0x0000000780400000, 0x0000000780400000| Complete 
|   5|0x0000000780500000, 0x0000000780600000, 0x0000000780600000|100%|HC|  |TAMS 0x0000000780500000, 0x0000000780500000| Complete 
|   6|0x0000000780600000, 0x0000000780700000, 0x0000000780700000|100%|HS|  |TAMS 0x0000000780600000, 0x0000000780600000| Complete 
|   7|0x0000000780700000, 0x0000000780800000, 0x0000000780800000|100%| O|  |TAMS 0x0000000780700000, 0x0000000780700000| Untracked 
|   8|0x0000000780800000, 0x0000000780900000, 0x0000000780900000|100%| O|  |TAMS 0x0000000780800000, 0x0000000780800000| Untracked 
|   9|0x0000000780900000, 0x00000007809efa00, 0x0000000780a00000| 93%| O|  |TAMS 0x0000000780900000, 0x0000000780900000| Untracked 
|  10|0x0000000780a00000, 0x0000000780a00000, 0x0000000780b00000|  0%| F|  |TAMS 0x0000000780a00000, 0x0000000780a00000| Untracked 
|  11|0x0000000780b00000, 0x0000000780b00000, 0x0000000780c00000|  0%| F|  |TAMS 0x0000000780b00000, 0x0000000780b00000| Untracked 
|  12|0x0000000780c00000, 0x0000000780c00000, 0x0000000780d00000|  0%| F|  |TAMS 0x0000000780c00000, 0x0000000780c00000| Untracked 
|  13|0x0000000780d00000, 0x0000000780d00000, 0x0000000780e00000|  0%| F|  |TAMS 0x0000000780d00000, 0x0000000780d00000| Untracked 
|  14|0x0000000780e00000, 0x0000000780e00000, 0x0000000780f00000|  0%| F|  |TAMS 0x0000000780e00000, 0x0000000780e00000| Untracked 
|  15|0x0000000780f00000, 0x0000000780f00000, 0x0000000781000000|  0%| F|  |TAMS 0x0000000780f00000, 0x0000000780f00000| Untracked 
|  16|0x0000000781000000, 0x0000000781000000, 0x0000000781100000|  0%| F|  |TAMS 0x0000000781000000, 0x0000000781000000| Untracked 
|  17|0x0000000781100000, 0x0000000781100000, 0x0000000781200000|  0%| F|  |TAMS 0x0000000781100000, 0x0000000781100000| Untracked 
|  18|0x0000000781200000, 0x0000000781200000, 0x0000000781300000|  0%| F|  |TAMS 0x0000000781200000, 0x0000000781200000| Untracked 
|  19|0x0000000781300000, 0x0000000781300000, 0x0000000781400000|  0%| F|  |TAMS 0x0000000781300000, 0x0000000781300000| Untracked 
|  20|0x0000000781400000, 0x0000000781400000, 0x0000000781500000|  0%| F|  |TAMS 0x0000000781400000, 0x0000000781400000| Untracked 
|  21|0x0000000781500000, 0x0000000781500000, 0x0000000781600000|  0%| F|  |TAMS 0x0000000781500000, 0x0000000781500000| Untracked 
|  22|0x0000000781600000, 0x0000000781600000, 0x0000000781700000|  0%| F|  |TAMS 0x0000000781600000, 0x0000000781600000| Untracked 
|  23|0x0000000781700000, 0x0000000781700000, 0x0000000781800000|  0%| F|  |TAMS 0x0000000781700000, 0x0000000781700000| Untracked 
|  24|0x0000000781800000, 0x0000000781800000, 0x0000000781900000|  0%| F|  |TAMS 0x0000000781800000, 0x0000000781800000| Untracked 
|  25|0x0000000781900000, 0x0000000781900000, 0x0000000781a00000|  0%| F|  |TAMS 0x0000000781900000, 0x0000000781900000| Untracked 
|  26|0x0000000781a00000, 0x0000000781a00000, 0x0000000781b00000|  0%| F|  |TAMS 0x0000000781a00000, 0x0000000781a00000| Untracked 
|  27|0x0000000781b00000, 0x0000000781b00000, 0x0000000781c00000|  0%| F|  |TAMS 0x0000000781b00000, 0x0000000781b00000| Untracked 
|  28|0x0000000781c00000, 0x0000000781c00000, 0x0000000781d00000|  0%| F|  |TAMS 0x0000000781c00000, 0x0000000781c00000| Untracked 
|  29|0x0000000781d00000, 0x0000000781d00000, 0x0000000781e00000|  0%| F|  |TAMS 0x0000000781d00000, 0x0000000781d00000| Untracked 
|  30|0x0000000781e00000, 0x0000000781e00000, 0x0000000781f00000|  0%| F|  |TAMS 0x0000000781e00000, 0x0000000781e00000| Untracked 
|  31|0x0000000781f00000, 0x0000000781f00000, 0x0000000782000000|  0%| F|  |TAMS 0x0000000781f00000, 0x0000000781f00000| Untracked 
|  32|0x0000000782000000, 0x0000000782000000, 0x0000000782100000|  0%| F|  |TAMS 0x0000000782000000, 0x0000000782000000| Untracked 
|  33|0x0000000782100000, 0x0000000782100000, 0x0000000782200000|  0%| F|  |TAMS 0x0000000782100000, 0x0000000782100000| Untracked 
|  34|0x0000000782200000, 0x0000000782200000, 0x0000000782300000|  0%| F|  |TAMS 0x0000000782200000, 0x0000000782200000| Untracked 
|  35|0x0000000782300000, 0x0000000782300000, 0x0000000782400000|  0%| F|  |TAMS 0x0000000782300000, 0x0000000782300000| Untracked 
|  36|0x0000000782400000, 0x0000000782400000, 0x0000000782500000|  0%| F|  |TAMS 0x0000000782400000, 0x0000000782400000| Untracked 
|  37|0x0000000782500000, 0x0000000782500000, 0x0000000782600000|  0%| F|  |TAMS 0x0000000782500000, 0x0000000782500000| Untracked 
|  38|0x0000000782600000, 0x0000000782600000, 0x0000000782700000|  0%| F|  |TAMS 0x0000000782600000, 0x0000000782600000| Untracked 
|  39|0x0000000782700000, 0x0000000782700000, 0x0000000782800000|  0%| F|  |TAMS 0x0000000782700000, 0x0000000782700000| Untracked 
|  40|0x0000000782800000, 0x0000000782800000, 0x0000000782900000|  0%| F|  |TAMS 0x0000000782800000, 0x0000000782800000| Untracked 
|  41|0x0000000782900000, 0x0000000782900000, 0x0000000782a00000|  0%| F|  |TAMS 0x0000000782900000, 0x0000000782900000| Untracked 
|  42|0x0000000782a00000, 0x0000000782a00000, 0x0000000782b00000|  0%| F|  |TAMS 0x0000000782a00000, 0x0000000782a00000| Untracked 
|  43|0x0000000782b00000, 0x0000000782b00000, 0x0000000782c00000|  0%| F|  |TAMS 0x0000000782b00000, 0x0000000782b00000| Untracked 
|  44|0x0000000782c00000, 0x0000000782c00000, 0x0000000782d00000|  0%| F|  |TAMS 0x0000000782c00000, 0x0000000782c00000| Untracked 
|  45|0x0000000782d00000, 0x0000000782d00000, 0x0000000782e00000|  0%| F|  |TAMS 0x0000000782d00000, 0x0000000782d00000| Untracked 
|  46|0x0000000782e00000, 0x0000000782e00000, 0x0000000782f00000|  0%| F|  |TAMS 0x0000000782e00000, 0x0000000782e00000| Untracked 
|  47|0x0000000782f00000, 0x0000000782f00000, 0x0000000783000000|  0%| F|  |TAMS 0x0000000782f00000, 0x0000000782f00000| Untracked 
|  48|0x0000000783000000, 0x0000000783000000, 0x0000000783100000|  0%| F|  |TAMS 0x0000000783000000, 0x0000000783000000| Untracked 
|  49|0x0000000783100000, 0x0000000783100000, 0x0000000783200000|  0%| F|  |TAMS 0x0000000783100000, 0x0000000783100000| Untracked 
|  50|0x0000000783200000, 0x0000000783200000, 0x0000000783300000|  0%| F|  |TAMS 0x0000000783200000, 0x0000000783200000| Untracked 
|  51|0x0000000783300000, 0x0000000783300000, 0x0000000783400000|  0%| F|  |TAMS 0x0000000783300000, 0x0000000783300000| Untracked 
|  52|0x0000000783400000, 0x0000000783400000, 0x0000000783500000|  0%| F|  |TAMS 0x0000000783400000, 0x0000000783400000| Untracked 
|  53|0x0000000783500000, 0x0000000783500000, 0x0000000783600000|  0%| F|  |TAMS 0x0000000783500000, 0x0000000783500000| Untracked 
|  54|0x0000000783600000, 0x0000000783600000, 0x0000000783700000|  0%| F|  |TAMS 0x0000000783600000, 0x0000000783600000| Untracked 
|  55|0x0000000783700000, 0x0000000783700000, 0x0000000783800000|  0%| F|  |TAMS 0x0000000783700000, 0x0000000783700000| Untracked 
|  56|0x0000000783800000, 0x0000000783800000, 0x0000000783900000|  0%| F|  |TAMS 0x0000000783800000, 0x0000000783800000| Untracked 
|  57|0x0000000783900000, 0x0000000783900000, 0x0000000783a00000|  0%| F|  |TAMS 0x0000000783900000, 0x0000000783900000| Untracked 
|  58|0x0000000783a00000, 0x0000000783a00000, 0x0000000783b00000|  0%| F|  |TAMS 0x0000000783a00000, 0x0000000783a00000| Untracked 
|  59|0x0000000783b00000, 0x0000000783b00000, 0x0000000783c00000|  0%| F|  |TAMS 0x0000000783b00000, 0x0000000783b00000| Untracked 
|  60|0x0000000783c00000, 0x0000000783c00000, 0x0000000783d00000|  0%| F|  |TAMS 0x0000000783c00000, 0x0000000783c00000| Untracked 
|  61|0x0000000783d00000, 0x0000000783d00000, 0x0000000783e00000|  0%| F|  |TAMS 0x0000000783d00000, 0x0000000783d00000| Untracked 
|  62|0x0000000783e00000, 0x0000000783e00000, 0x0000000783f00000|  0%| F|  |TAMS 0x0000000783e00000, 0x0000000783e00000| Untracked 
|  63|0x0000000783f00000, 0x0000000783f00000, 0x0000000784000000|  0%| F|  |TAMS 0x0000000783f00000, 0x0000000783f00000| Untracked 
|  64|0x0000000784000000, 0x0000000784000000, 0x0000000784100000|  0%| F|  |TAMS 0x0000000784000000, 0x0000000784000000| Untracked 
|  65|0x0000000784100000, 0x0000000784100000, 0x0000000784200000|  0%| F|  |TAMS 0x0000000784100000, 0x0000000784100000| Untracked 
|  66|0x0000000784200000, 0x0000000784200000, 0x0000000784300000|  0%| F|  |TAMS 0x0000000784200000, 0x0000000784200000| Untracked 
|  67|0x0000000784300000, 0x0000000784300000, 0x0000000784400000|  0%| F|  |TAMS 0x0000000784300000, 0x0000000784300000| Untracked 
|  68|0x0000000784400000, 0x0000000784400000, 0x0000000784500000|  0%| F|  |TAMS 0x0000000784400000, 0x0000000784400000| Untracked 
|  69|0x0000000784500000, 0x0000000784500000, 0x0000000784600000|  0%| F|  |TAMS 0x0000000784500000, 0x0000000784500000| Untracked 
|  70|0x0000000784600000, 0x0000000784600000, 0x0000000784700000|  0%| F|  |TAMS 0x0000000784600000, 0x0000000784600000| Untracked 
|  71|0x0000000784700000, 0x0000000784700000, 0x0000000784800000|  0%| F|  |TAMS 0x0000000784700000, 0x0000000784700000| Untracked 
|  72|0x0000000784800000, 0x0000000784800000, 0x0000000784900000|  0%| F|  |TAMS 0x0000000784800000, 0x0000000784800000| Untracked 
|  73|0x0000000784900000, 0x0000000784900000, 0x0000000784a00000|  0%| F|  |TAMS 0x0000000784900000, 0x0000000784900000| Untracked 
|  74|0x0000000784a00000, 0x0000000784a00000, 0x0000000784b00000|  0%| F|  |TAMS 0x0000000784a00000, 0x0000000784a00000| Untracked 
|  75|0x0000000784b00000, 0x0000000784b00000, 0x0000000784c00000|  0%| F|  |TAMS 0x0000000784b00000, 0x0000000784b00000| Untracked 
|  76|0x0000000784c00000, 0x0000000784c00000, 0x0000000784d00000|  0%| F|  |TAMS 0x0000000784c00000, 0x0000000784c00000| Untracked 
|  77|0x0000000784d00000, 0x0000000784d00000, 0x0000000784e00000|  0%| F|  |TAMS 0x0000000784d00000, 0x0000000784d00000| Untracked 
|  78|0x0000000784e00000, 0x0000000784e00000, 0x0000000784f00000|  0%| F|  |TAMS 0x0000000784e00000, 0x0000000784e00000| Untracked 
|  79|0x0000000784f00000, 0x0000000784f00000, 0x0000000785000000|  0%| F|  |TAMS 0x0000000784f00000, 0x0000000784f00000| Untracked 
|  80|0x0000000785000000, 0x0000000785000000, 0x0000000785100000|  0%| F|  |TAMS 0x0000000785000000, 0x0000000785000000| Untracked 
|  81|0x0000000785100000, 0x0000000785100000, 0x0000000785200000|  0%| F|  |TAMS 0x0000000785100000, 0x0000000785100000| Untracked 
|  82|0x0000000785200000, 0x0000000785200000, 0x0000000785300000|  0%| F|  |TAMS 0x0000000785200000, 0x0000000785200000| Untracked 
|  83|0x0000000785300000, 0x0000000785300000, 0x0000000785400000|  0%| F|  |TAMS 0x0000000785300000, 0x0000000785300000| Untracked 
|  84|0x0000000785400000, 0x0000000785400000, 0x0000000785500000|  0%| F|  |TAMS 0x0000000785400000, 0x0000000785400000| Untracked 
|  85|0x0000000785500000, 0x0000000785500000, 0x0000000785600000|  0%| F|  |TAMS 0x0000000785500000, 0x0000000785500000| Untracked 
|  86|0x0000000785600000, 0x0000000785600000, 0x0000000785700000|  0%| F|  |TAMS 0x0000000785600000, 0x0000000785600000| Untracked 
|  87|0x0000000785700000, 0x0000000785700000, 0x0000000785800000|  0%| F|  |TAMS 0x0000000785700000, 0x0000000785700000| Untracked 
|  88|0x0000000785800000, 0x0000000785800000, 0x0000000785900000|  0%| F|  |TAMS 0x0000000785800000, 0x0000000785800000| Untracked 
|  89|0x0000000785900000, 0x0000000785900000, 0x0000000785a00000|  0%| F|  |TAMS 0x0000000785900000, 0x0000000785900000| Untracked 
|  90|0x0000000785a00000, 0x0000000785a00000, 0x0000000785b00000|  0%| F|  |TAMS 0x0000000785a00000, 0x0000000785a00000| Untracked 
|  91|0x0000000785b00000, 0x0000000785b00000, 0x0000000785c00000|  0%| F|  |TAMS 0x0000000785b00000, 0x0000000785b00000| Untracked 
|  92|0x0000000785c00000, 0x0000000785c00000, 0x0000000785d00000|  0%| F|  |TAMS 0x0000000785c00000, 0x0000000785c00000| Untracked 
|  93|0x0000000785d00000, 0x0000000785d4bee8, 0x0000000785e00000| 29%| S|CS|TAMS 0x0000000785d00000, 0x0000000785d00000| Complete 
|  94|0x0000000785e00000, 0x0000000785f00000, 0x0000000785f00000|100%| S|CS|TAMS 0x0000000785e00000, 0x0000000785e00000| Complete 
|  95|0x0000000785f00000, 0x0000000786000000, 0x0000000786000000|100%| S|CS|TAMS 0x0000000785f00000, 0x0000000785f00000| Complete 
|  96|0x0000000786000000, 0x0000000786100000, 0x0000000786100000|100%| S|CS|TAMS 0x0000000786000000, 0x0000000786000000| Complete 
|  97|0x0000000786100000, 0x0000000786100000, 0x0000000786200000|  0%| F|  |TAMS 0x0000000786100000, 0x0000000786100000| Untracked 
|  98|0x0000000786200000, 0x0000000786200000, 0x0000000786300000|  0%| F|  |TAMS 0x0000000786200000, 0x0000000786200000| Untracked 
|  99|0x0000000786300000, 0x0000000786300000, 0x0000000786400000|  0%| F|  |TAMS 0x0000000786300000, 0x0000000786300000| Untracked 
| 100|0x0000000786400000, 0x0000000786400000, 0x0000000786500000|  0%| F|  |TAMS 0x0000000786400000, 0x0000000786400000| Untracked 
| 101|0x0000000786500000, 0x0000000786500000, 0x0000000786600000|  0%| F|  |TAMS 0x0000000786500000, 0x0000000786500000| Untracked 
| 102|0x0000000786600000, 0x0000000786600000, 0x0000000786700000|  0%| F|  |TAMS 0x0000000786600000, 0x0000000786600000| Untracked 
| 103|0x0000000786700000, 0x0000000786700000, 0x0000000786800000|  0%| F|  |TAMS 0x0000000786700000, 0x0000000786700000| Untracked 
| 104|0x0000000786800000, 0x0000000786800000, 0x0000000786900000|  0%| F|  |TAMS 0x0000000786800000, 0x0000000786800000| Untracked 
| 105|0x0000000786900000, 0x0000000786900000, 0x0000000786a00000|  0%| F|  |TAMS 0x0000000786900000, 0x0000000786900000| Untracked 
| 106|0x0000000786a00000, 0x0000000786a00000, 0x0000000786b00000|  0%| F|  |TAMS 0x0000000786a00000, 0x0000000786a00000| Untracked 
| 107|0x0000000786b00000, 0x0000000786b00000, 0x0000000786c00000|  0%| F|  |TAMS 0x0000000786b00000, 0x0000000786b00000| Untracked 
| 108|0x0000000786c00000, 0x0000000786c00000, 0x0000000786d00000|  0%| F|  |TAMS 0x0000000786c00000, 0x0000000786c00000| Untracked 
| 109|0x0000000786d00000, 0x0000000786d00000, 0x0000000786e00000|  0%| F|  |TAMS 0x0000000786d00000, 0x0000000786d00000| Untracked 
| 110|0x0000000786e00000, 0x0000000786e00000, 0x0000000786f00000|  0%| F|  |TAMS 0x0000000786e00000, 0x0000000786e00000| Untracked 
| 111|0x0000000786f00000, 0x0000000786f00000, 0x0000000787000000|  0%| F|  |TAMS 0x0000000786f00000, 0x0000000786f00000| Untracked 
| 112|0x0000000787000000, 0x0000000787000000, 0x0000000787100000|  0%| F|  |TAMS 0x0000000787000000, 0x0000000787000000| Untracked 
| 113|0x0000000787100000, 0x0000000787100000, 0x0000000787200000|  0%| F|  |TAMS 0x0000000787100000, 0x0000000787100000| Untracked 
| 114|0x0000000787200000, 0x0000000787200000, 0x0000000787300000|  0%| F|  |TAMS 0x0000000787200000, 0x0000000787200000| Untracked 
| 115|0x0000000787300000, 0x0000000787300000, 0x0000000787400000|  0%| F|  |TAMS 0x0000000787300000, 0x0000000787300000| Untracked 
| 116|0x0000000787400000, 0x0000000787400000, 0x0000000787500000|  0%| F|  |TAMS 0x0000000787400000, 0x0000000787400000| Untracked 
| 117|0x0000000787500000, 0x0000000787500000, 0x0000000787600000|  0%| F|  |TAMS 0x0000000787500000, 0x0000000787500000| Untracked 
| 118|0x0000000787600000, 0x0000000787700000, 0x0000000787700000|100%| E|  |TAMS 0x0000000787600000, 0x0000000787600000| Complete 
| 119|0x0000000787700000, 0x0000000787800000, 0x0000000787800000|100%| E|CS|TAMS 0x0000000787700000, 0x0000000787700000| Complete 
| 120|0x0000000787800000, 0x0000000787900000, 0x0000000787900000|100%| E|CS|TAMS 0x0000000787800000, 0x0000000787800000| Complete 
| 121|0x0000000787900000, 0x0000000787a00000, 0x0000000787a00000|100%| E|CS|TAMS 0x0000000787900000, 0x0000000787900000| Complete 
| 122|0x0000000787a00000, 0x0000000787b00000, 0x0000000787b00000|100%| E|CS|TAMS 0x0000000787a00000, 0x0000000787a00000| Complete 
| 123|0x0000000787b00000, 0x0000000787c00000, 0x0000000787c00000|100%| E|CS|TAMS 0x0000000787b00000, 0x0000000787b00000| Complete 
| 124|0x0000000787c00000, 0x0000000787d00000, 0x0000000787d00000|100%| E|CS|TAMS 0x0000000787c00000, 0x0000000787c00000| Complete 
| 125|0x0000000787d00000, 0x0000000787e00000, 0x0000000787e00000|100%| E|CS|TAMS 0x0000000787d00000, 0x0000000787d00000| Complete 
| 126|0x0000000787e00000, 0x0000000787f00000, 0x0000000787f00000|100%| E|CS|TAMS 0x0000000787e00000, 0x0000000787e00000| Complete 
| 127|0x0000000787f00000, 0x0000000788000000, 0x0000000788000000|100%| E|CS|TAMS 0x0000000787f00000, 0x0000000787f00000| Complete 

Card table byte_map: [0x000000010ae7e000,0x000000010b27e000] _byte_map_base: 0x000000010727e000

Marking Bits (Prev, Next): (CMBitMap*) 0x00007f804102b450, (CMBitMap*) 0x00007f804102b418
 Prev Bits: [0x0000000126b69000, 0x0000000128b69000)
 Next Bits: [0x000000010c78a000, 0x000000010e78a000)

Polling page: 0x000000010a7ef000

Metaspace:

Usage:
  Non-class:     26.54 MB capacity,    25.87 MB ( 97%) used,   541.68 KB (  2%) free+waste,   139.44 KB ( <1%) overhead. 
      Class:      4.08 MB capacity,     3.59 MB ( 88%) used,   429.26 KB ( 10%) free+waste,    69.88 KB (  2%) overhead. 
       Both:     30.62 MB capacity,    29.47 MB ( 96%) used,   970.94 KB (  3%) free+waste,   209.31 KB ( <1%) overhead. 

Virtual space:
  Non-class space:       28.00 MB reserved,      26.75 MB ( 96%) committed 
      Class space:        1.00 GB reserved,       4.12 MB ( <1%) committed 
             Both:        1.03 GB reserved,      30.88 MB (  3%) committed 

Chunk freelists:
   Non-Class:  43.00 KB
       Class:  0 bytes
        Both:  43.00 KB

MaxMetaspaceSize: unlimited
CompressedClassSpaceSize: 1.00 GB
Initial GC threshold: 20.80 MB
Current GC threshold: 35.00 MB
CDS: off

CodeHeap 'non-profiled nmethods': size=120032Kb used=1810Kb max_used=1810Kb free=118221Kb
 bounds [0x000000011f631000, 0x000000011f8a1000, 0x0000000126b69000]
CodeHeap 'profiled nmethods': size=120032Kb used=7753Kb max_used=7753Kb free=112278Kb
 bounds [0x00000001180f9000, 0x0000000118899000, 0x000000011f631000]
CodeHeap 'non-nmethods': size=5696Kb used=1464Kb max_used=1538Kb free=4231Kb
 bounds [0x0000000117b69000, 0x0000000117dd9000, 0x00000001180f9000]
 total_blobs=4821 nmethods=4008 adapters=726
 compilation: enabled
              stopped_count=0, restarted_count=0
 full_count=0

Compilation events (20 events):
Event: 13.535 Thread 0x00007f8040838800 3969       4       com.sun.javafx.geom.transform.Translate2D::transform (48 bytes)
Event: 13.535 Thread 0x00007f8040838800 nmethod 3969 0x000000011f7f4a90 code [0x000000011f7f4c20, 0x000000011f7f4cd8]
Event: 13.661 Thread 0x00007f8040839800 4034       3       java.lang.invoke.VarHandleGuards::guard_LLL_Z (70 bytes)
Event: 13.663 Thread 0x00007f8040839800 nmethod 4034 0x0000000118886f90 code [0x0000000118887240, 0x0000000118888300]
Event: 13.663 Thread 0x00007f8040839800 4035       3       java.lang.invoke.VarHandleObjects$FieldInstanceReadWrite::compareAndSet (38 bytes)
Event: 13.664 Thread 0x00007f8040839800 nmethod 4035 0x0000000118888890 code [0x0000000118888b00, 0x00000001188894a0]
Event: 13.744 Thread 0x00007f8040839800 4037       3       com.sun.scenario.animation.AnimationPulse::getDefaultBean (4 bytes)
Event: 13.744 Thread 0x00007f8040839800 nmethod 4037 0x0000000118889810 code [0x00000001188899c0, 0x0000000118889af0]
Event: 13.744 Thread 0x00007f8040839800 4038       3       com.sun.scenario.animation.AnimationPulse$AnimationPulseHolder::access$000 (4 bytes)
Event: 13.745 Thread 0x00007f8040839800 nmethod 4038 0x0000000118889b90 code [0x0000000118889d40, 0x0000000118889e30]
Event: 14.377 Thread 0x00007f8040839800 4039       3       javafx.scene.Node::syncPeer (43 bytes)
Event: 14.378 Thread 0x00007f8040839800 nmethod 4039 0x0000000118889e90 code [0x000000011888a0a0, 0x000000011888a6f0]
Event: 15.440 Thread 0x00007f8040838800 4042       4       java.lang.Math::round (70 bytes)
Event: 15.440 Thread 0x00007f8040838800 nmethod 4042 0x000000011f7f5090 code [0x000000011f7f5220, 0x000000011f7f52d8]
Event: 15.441 Thread 0x00007f8040838800 4043       4       com.sun.glass.ui.Application::checkEventThread (35 bytes)
Event: 15.442 Thread 0x00007f8040838800 nmethod 4043 0x000000011f7f5390 code [0x000000011f7f5520, 0x000000011f7f5598]
Event: 15.442 Thread 0x00007f8040839800 4041       3       javafx.scene.layout.Region::getSnapScaleX (8 bytes)
Event: 15.443 Thread 0x00007f8040839800 nmethod 4041 0x000000011888a910 code [0x000000011888ab60, 0x000000011888b460]
Event: 15.443 Thread 0x00007f8040839800 4040       1       javafx.scene.layout.Region::isResizable (2 bytes)
Event: 15.443 Thread 0x00007f8040839800 nmethod 4040 0x000000011f7f5690 code [0x000000011f7f5840, 0x000000011f7f58f0]

GC Heap History (8 events):
Event: 0.832 GC heap before
{Heap before GC invocations=0 (full 0):
 garbage-first heap   total 131072K, used 14336K [0x0000000780000000, 0x0000000800000000)
  region size 1024K, 14 young (14336K), 0 survivors (0K)
 Metaspace       used 10246K, capacity 10577K, committed 11008K, reserved 1058816K
  class space    used 1029K, capacity 1170K, committed 1280K, reserved 1048576K
}
Event: 0.836 GC heap after
{Heap after GC invocations=1 (full 0):
 garbage-first heap   total 131072K, used 2705K [0x0000000780000000, 0x0000000800000000)
  region size 1024K, 2 young (2048K), 2 survivors (2048K)
 Metaspace       used 10246K, capacity 10577K, committed 11008K, reserved 1058816K
  class space    used 1029K, capacity 1170K, committed 1280K, reserved 1048576K
}
Event: 1.092 GC heap before
{Heap before GC invocations=1 (full 0):
 garbage-first heap   total 131072K, used 13969K [0x0000000780000000, 0x0000000800000000)
  region size 1024K, 13 young (13312K), 2 survivors (2048K)
 Metaspace       used 15539K, capacity 16057K, committed 16256K, reserved 1062912K
  class space    used 1648K, capacity 1828K, committed 1920K, reserved 1048576K
}
Event: 1.097 GC heap after
{Heap after GC invocations=2 (full 0):
 garbage-first heap   total 131072K, used 5120K [0x0000000780000000, 0x0000000800000000)
  region size 1024K, 2 young (2048K), 2 survivors (2048K)
 Metaspace       used 15539K, capacity 16057K, committed 16256K, reserved 1062912K
  class space    used 1648K, capacity 1828K, committed 1920K, reserved 1048576K
}
Event: 1.640 GC heap before
{Heap before GC invocations=2 (full 0):
 garbage-first heap   total 131072K, used 20480K [0x0000000780000000, 0x0000000800000000)
  region size 1024K, 18 young (18432K), 2 survivors (2048K)
 Metaspace       used 20430K, capacity 21093K, committed 21248K, reserved 1067008K
  class space    used 2462K, capacity 2758K, committed 2816K, reserved 1048576K
}
Event: 1.646 GC heap after
{Heap after GC invocations=3 (full 0):
 garbage-first heap   total 131072K, used 7193K [0x0000000780000000, 0x0000000800000000)
  region size 1024K, 4 young (4096K), 4 survivors (4096K)
 Metaspace       used 20430K, capacity 21093K, committed 21248K, reserved 1067008K
  class space    used 2462K, capacity 2758K, committed 2816K, reserved 1048576K
}
Event: 3.684 GC heap before
{Heap before GC invocations=4 (full 0):
 garbage-first heap   total 131072K, used 37913K [0x0000000780000000, 0x0000000800000000)
  region size 1024K, 31 young (31744K), 4 survivors (4096K)
 Metaspace       used 28938K, capacity 30077K, committed 30336K, reserved 1075200K
  class space    used 3641K, capacity 4145K, committed 4224K, reserved 1048576K
}
Event: 3.696 GC heap after
{Heap after GC invocations=5 (full 0):
 garbage-first heap   total 131072K, used 13550K [0x0000000780000000, 0x0000000800000000)
  region size 1024K, 4 young (4096K), 4 survivors (4096K)
 Metaspace       used 28938K, capacity 30077K, committed 30336K, reserved 1075200K
  class space    used 3641K, capacity 4145K, committed 4224K, reserved 1048576K
}

Deoptimization events (20 events):
Event: 6.179 Thread 0x00007f8041114000 DEOPT PACKING pc=0x00000001186e1af9 sp=0x0000700006455460
Event: 6.179 Thread 0x00007f8041114000 DEOPT UNPACKING pc=0x0000000117bb364a sp=0x00007000064548b8 mode 0
Event: 7.078 Thread 0x00007f8041114000 DEOPT PACKING pc=0x00000001186e1a16 sp=0x0000700006455c20
Event: 7.078 Thread 0x00007f8041114000 DEOPT UNPACKING pc=0x0000000117bb364a sp=0x0000700006455078 mode 0
Event: 7.079 Thread 0x00007f8041114000 DEOPT PACKING pc=0x00000001186e1574 sp=0x0000700006455460
Event: 7.079 Thread 0x00007f8041114000 DEOPT UNPACKING pc=0x0000000117bb364a sp=0x00007000064548b8 mode 0
Event: 7.081 Thread 0x00007f8041114000 DEOPT PACKING pc=0x00000001186e1a16 sp=0x0000700006455c20
Event: 7.081 Thread 0x00007f8041114000 DEOPT UNPACKING pc=0x0000000117bb364a sp=0x0000700006455078 mode 0
Event: 7.961 Thread 0x00007f804197c000 Uncommon trap: trap_request=0xffffff64 fr.pc=0x000000011f7a2bf4 relative=0x00000000000024f4
Event: 7.961 Thread 0x00007f804197c000 Uncommon trap: reason=speculate_null_check action=make_not_entrant pc=0x000000011f7a2bf4 method=javafx.scene.CssStyleHelper.getStyleHelper(Ljavafx/scene/Node;)Ljavafx/scene/CssStyleHelper; @ 1 c2
Event: 7.961 Thread 0x00007f804197c000 DEOPT PACKING pc=0x000000011f7a2bf4 sp=0x00007ff7b5848be0
Event: 7.961 Thread 0x00007f804197c000 DEOPT UNPACKING pc=0x0000000117bb2ea5 sp=0x00007ff7b5848b60 mode 2
Event: 8.339 Thread 0x00007f804197c000 Uncommon trap: trap_request=0xffffff4d fr.pc=0x000000011f6d7794 relative=0x0000000000000d74
Event: 8.339 Thread 0x00007f804197c000 Uncommon trap: reason=unstable_if action=reinterpret pc=0x000000011f6d7794 method=javafx.scene.CssStyleHelper.getStyle(Ljavafx/css/Styleable;Ljava/lang/String;Lcom/sun/javafx/css/StyleMap;Ljava/util/Set;)Lcom/sun/javafx/css/CascadingStyle; @ 8 c2
Event: 8.339 Thread 0x00007f804197c000 DEOPT PACKING pc=0x000000011f6d7794 sp=0x00007ff7b5848400
Event: 8.339 Thread 0x00007f804197c000 DEOPT UNPACKING pc=0x0000000117bb2ea5 sp=0x00007ff7b58483b8 mode 2
Event: 12.265 Thread 0x00007f8041114000 DEOPT PACKING pc=0x00000001186eb077 sp=0x0000700006453e80
Event: 12.265 Thread 0x00007f8041114000 DEOPT UNPACKING pc=0x0000000117bb364a sp=0x0000700006453328 mode 0
Event: 12.275 Thread 0x00007f8041114000 DEOPT PACKING pc=0x0000000118705415 sp=0x0000700006455a80
Event: 12.275 Thread 0x00007f8041114000 DEOPT UNPACKING pc=0x0000000117bb364a sp=0x0000700006454f88 mode 0

Classes redefined (0 events):
No events

Internal exceptions (20 events):
Event: 1.586 Thread 0x00007f804197c000 Exception <a 'java/lang/NoSuchMethodError'{0x0000000787018ba0}: 'java.lang.Object java.lang.invoke.DirectMethodHandle$Holder.invokeInterface(java.lang.Object, java.lang.Object, java.lang.Object)'> (0x0000000787018ba0) thrown at [./src/hotspot/share/interpreter/linkResolver.cpp, line 773]
Event: 1.587 Thread 0x00007f804197c000 Exception <a 'java/lang/IncompatibleClassChangeError'{0x000000078701bd58}: Found class java.lang.Object, but interface was expected> (0x000000078701bd58) thrown at [./src/hotspot/share/interpreter/linkResolver.cpp, line 839]
Event: 1.663 Thread 0x00007f804197c000 Exception <a 'java/lang/NoSuchMethodError'{0x0000000787f605a0}: 'void java.lang.invoke.DirectMethodHandle$Holder.invokeSpecialIFC(java.lang.Object, java.lang.Object, java.lang.Object, java.lang.Object)'> (0x0000000787f605a0) thrown at [./src/hotspot/share/interpreter/linkResolver.cpp, line 773]
Event: 1.913 Thread 0x00007f804197c000 Exception <a 'java/lang/NoSuchMethodError'{0x000000078741b268}: 'java.lang.Object java.lang.invoke.Invokers$Holder.linkToTargetMethod(java.lang.Object, int, int, java.lang.Object)'> (0x000000078741b268) thrown at [./src/hotspot/share/interpreter/linkResolver.cpp, line 773]
Event: 1.988 Thread 0x00007f8041114000 Exception <a 'java/lang/NoSuchMethodError'{0x00000007873c5648}: 'int java.lang.invoke.DirectMethodHandle$Holder.invokeStaticInit(java.lang.Object, java.lang.Object)'> (0x00000007873c5648) thrown at [./src/hotspot/share/interpreter/linkResolver.cpp, line 773]
Event: 2.112 Thread 0x00007f804197c000 Exception <a 'java/lang/NoSuchMethodError'{0x00000007870e2630}: 'java.lang.Object java.lang.invoke.DirectMethodHandle$Holder.invokeStatic(java.lang.Object, java.lang.Object, long, int, int, int)'> (0x00000007870e2630) thrown at [./src/hotspot/share/interpreter/linkResolver.cpp, line 773]
Event: 2.113 Thread 0x00007f804197c000 Exception <a 'java/lang/NoSuchMethodError'{0x00000007870f6298}: 'java.lang.Object java.lang.invoke.DirectMethodHandle$Holder.invokeStatic(java.lang.Object, java.lang.Object, int, java.lang.Object, long, int, int, int, int)'> (0x00000007870f6298) thrown at [./src/hotspot/share/interpreter/linkResolver.cpp, line 773]
Event: 2.872 Thread 0x00007f804197c000 Exception <a 'java/lang/NoSuchMethodError'{0x0000000786f5a940}: 'long java.lang.invoke.DirectMethodHandle$Holder.invokeStaticInit(java.lang.Object, java.lang.Object, java.lang.Object)'> (0x0000000786f5a940) thrown at [./src/hotspot/share/interpreter/linkResolver.cpp, line 773]
Event: 2.874 Thread 0x00007f804197c000 Exception <a 'java/lang/NoSuchMethodError'{0x0000000786e60420}: 'java.lang.Object java.lang.invoke.DirectMethodHandle$Holder.invokeStatic(java.lang.Object, java.lang.Object, long)'> (0x0000000786e60420) thrown at [./src/hotspot/share/interpreter/linkResolver.cpp, line 773]
Event: 2.874 Thread 0x00007f804197c000 Exception <a 'java/lang/NoSuchMethodError'{0x0000000786e66598}: 'java.lang.Object java.lang.invoke.Invokers$Holder.linkToTargetMethod(java.lang.Object, long, java.lang.Object)'> (0x0000000786e66598) thrown at [./src/hotspot/share/interpreter/linkResolver.cpp, line 773]
Event: 2.948 Thread 0x00007f804197c000 Exception <a 'java/lang/NoSuchMethodError'{0x00000007869b8b28}: 'int java.lang.invoke.DirectMethodHandle$Holder.invokeSpecialIFC(java.lang.Object, java.lang.Object, int)'> (0x00000007869b8b28) thrown at [./src/hotspot/share/interpreter/linkResolver.cpp, line 773]
Event: 2.976 Thread 0x00007f804197c000 Exception <a 'java/lang/NoClassDefFoundError'{0x00000007868d8ea0}: com/sun/jna/Platform> (0x00000007868d8ea0) thrown at [./src/hotspot/share/classfile/systemDictionary.cpp, line 219]
Event: 3.011 Thread 0x00007f804197c000 Exception <a 'java/lang/NoSuchMethodError'{0x00000007867e3fa0}: 'java.lang.Object java.lang.invoke.DirectMethodHandle$Holder.invokeStaticInit(java.lang.Object, java.lang.Object, long, java.lang.Object)'> (0x00000007867e3fa0) thrown at [./src/hotspot/share/interpreter/linkResolver.cpp, line 773]
Event: 3.016 Thread 0x00007f804197c000 Exception <a 'java/lang/NoClassDefFoundError'{0x000000078660be20}: com/sun/jna/Platform> (0x000000078660be20) thrown at [./src/hotspot/share/classfile/systemDictionary.cpp, line 219]
Event: 3.869 Thread 0x00007f8041114000 Exception <a 'java/lang/NoSuchMethodError'{0x0000000787c857e8}: 'java.lang.Object java.lang.invoke.DirectMethodHandle$Holder.invokeStaticInit(java.lang.Object, int)'> (0x0000000787c857e8) thrown at [./src/hotspot/share/interpreter/linkResolver.cpp, line 773]
Event: 7.159 Thread 0x00007f804197c000 Exception <a 'java/lang/NoSuchMethodError'{0x0000000787bdc0a8}: 'java.lang.Object java.lang.invoke.DirectMethodHandle$Holder.invokeSpecialIFC(java.lang.Object, java.lang.Object, java.lang.Object)'> (0x0000000787bdc0a8) thrown at [./src/hotspot/share/interpreter/linkResolver.cpp, line 773]
Event: 7.961 Thread 0x00007f804197c000 Implicit null exception at 0x000000011f7a082f to 0x000000011f7a2be4
Event: 13.314 Thread 0x00007f804197c000 Exception <a 'java/lang/NoSuchMethodError'{0x0000000787687350}: 'java.lang.Object java.lang.invoke.DirectMethodHandle$Holder.invokeStatic(java.lang.Object, java.lang.Object, int, int, int, int, int, java.lang.Object)'> (0x0000000787687350) thrown at [./src/hotspot/share/interpreter/linkResolver.cpp, line 773]
Event: 13.315 Thread 0x00007f804197c000 Exception <a 'java/lang/NoSuchMethodError'{0x0000000787697be8}: 'java.lang.Object java.lang.invoke.DirectMethodHandle$Holder.invokeStatic(java.lang.Object, java.lang.Object, java.lang.Object, int, int, int, int, int)'> (0x0000000787697be8) thrown at [./src/hotspot/share/interpreter/linkResolver.cpp, line 773]
Event: 13.315 Thread 0x00007f804197c000 Exception <a 'java/lang/NoSuchMethodError'{0x000000078769e458}: 'java.lang.Object java.lang.invoke.Invokers$Holder.linkToTargetMethod(java.lang.Object, java.lang.Object, int, int, int, int, int, java.lang.Object)'> (0x000000078769e458) thrown at [./src/hotspot/share/interpreter/linkResolver.cpp, line 773]

Events (20 events):
Event: 13.310 loading class com/sun/glass/ui/Clipboard
Event: 13.310 loading class com/sun/glass/ui/Clipboard done
Event: 13.311 loading class com/sun/glass/ui/mac/MacClipboardDelegate
Event: 13.311 loading class com/sun/glass/ui/mac/MacClipboardDelegate done
Event: 13.311 loading class com/sun/glass/ui/mac/MacSystemClipboard
Event: 13.311 loading class com/sun/glass/ui/mac/MacSystemClipboard done
Event: 13.311 loading class com/sun/glass/ui/SystemClipboard
Event: 13.311 loading class com/sun/glass/ui/SystemClipboard done
Event: 13.311 loading class com/sun/glass/ui/mac/MacDnDClipboard
Event: 13.311 loading class com/sun/glass/ui/mac/MacDnDClipboard done
Event: 13.312 loading class com/sun/glass/ui/mac/MacPasteboard
Event: 13.312 loading class com/sun/glass/ui/mac/MacPasteboard done
Event: 13.314 loading class com/sun/glass/ui/ClipboardAssistance
Event: 13.314 loading class com/sun/glass/ui/ClipboardAssistance done
Event: 13.314 loading class com/sun/javafx/tk/quantum/GlassViewEventHandler
Event: 13.314 loading class com/sun/javafx/tk/quantum/GlassViewEventHandler done
Event: 13.315 loading class com/sun/glass/ui/ClipboardAssistance
Event: 13.315 loading class com/sun/glass/ui/ClipboardAssistance done
Event: 13.315 loading class com/sun/javafx/tk/quantum/GlassSceneDnDEventHandler
Event: 13.315 loading class com/sun/javafx/tk/quantum/GlassSceneDnDEventHandler done


Dynamic libraries:
0x000000010a7d0000 	/Library/Java/JavaVirtualMachines/temurin-11.jdk/Contents/Home/lib/jli/libjli.dylib
0x00007ff8184ee000 	/System/Library/Frameworks/Cocoa.framework/Versions/A/Cocoa
0x00007ff804157000 	/System/Library/Frameworks/AppKit.framework/Versions/C/AppKit
0x00007ff80766a000 	/System/Library/Frameworks/CoreData.framework/Versions/A/CoreData
0x00007ff80255b000 	/System/Library/Frameworks/Foundation.framework/Versions/C/Foundation
0x00007ff80c483000 	/usr/lib/libSystem.B.dylib
0x00007ff804fe6000 	/System/Library/PrivateFrameworks/UIFoundation.framework/Versions/A/UIFoundation
0x00007ff8123f2000 	/System/Library/PrivateFrameworks/RemoteViewServices.framework/Versions/A/RemoteViewServices
0x00007ff80a6d8000 	/System/Library/PrivateFrameworks/XCTTargetBootstrap.framework/Versions/A/XCTTargetBootstrap
0x00007ff80e28a000 	/System/Library/PrivateFrameworks/InternationalSupport.framework/Versions/A/InternationalSupport
0x00007ff80e314000 	/System/Library/PrivateFrameworks/UserActivity.framework/Versions/A/UserActivity
0x00007ff80d66a000 	/usr/lib/libspindump.dylib
0x00007ff805274000 	/System/Library/Frameworks/UniformTypeIdentifiers.framework/Versions/A/UniformTypeIdentifiers
0x00007ff808e00000 	/usr/lib/libapp_launch_measurement.dylib
0x00007ff80803b000 	/System/Library/PrivateFrameworks/CoreAnalytics.framework/Versions/A/CoreAnalytics
0x00007ff808e03000 	/System/Library/PrivateFrameworks/CoreAutoLayout.framework/Versions/A/CoreAutoLayout
0x00007ff80a032000 	/System/Library/Frameworks/Metal.framework/Versions/A/Metal
0x00007ff80ad5d000 	/usr/lib/liblangid.dylib
0x00007ff80a6dd000 	/System/Library/PrivateFrameworks/CoreSVG.framework/Versions/A/CoreSVG
0x00007ff80665f000 	/System/Library/PrivateFrameworks/SkyLight.framework/Versions/A/SkyLight
0x00007ff8069fd000 	/System/Library/Frameworks/CoreGraphics.framework/Versions/A/CoreGraphics
0x00007ff812ab2000 	/System/Library/Frameworks/Accelerate.framework/Versions/A/Accelerate
0x00007ff80d0e9000 	/System/Library/PrivateFrameworks/IconServices.framework/Versions/A/IconServices
0x00007ff80a017000 	/System/Library/Frameworks/IOSurface.framework/Versions/A/IOSurface
0x00007ff808069000 	/usr/lib/libDiagnosticMessagesClient.dylib
0x00007ff80c3a3000 	/usr/lib/libz.1.dylib
0x00007ff816192000 	/System/Library/Frameworks/ApplicationServices.framework/Versions/A/ApplicationServices
0x00007ff80a6c4000 	/System/Library/PrivateFrameworks/DFRFoundation.framework/Versions/A/DFRFoundation
0x00007ff803a3f000 	/usr/lib/libicucore.A.dylib
0x00007ff80f07f000 	/System/Library/Frameworks/AudioToolbox.framework/Versions/A/AudioToolbox
0x00007ff80e296000 	/System/Library/PrivateFrameworks/DataDetectorsCore.framework/Versions/A/DataDetectorsCore
0x00007ff90a77d000 	/System/Library/PrivateFrameworks/TextInput.framework/Versions/A/TextInput
0x00007ff8065e2000 	/usr/lib/libMobileGestalt.dylib
0x00007ff80a3d0000 	/System/Library/Frameworks/Carbon.framework/Versions/A/Frameworks/HIToolbox.framework/Versions/A/HIToolbox
0x00007ff808806000 	/System/Library/Frameworks/QuartzCore.framework/Versions/A/QuartzCore
0x00007ff8036e4000 	/System/Library/Frameworks/Security.framework/Versions/A/Security
0x00007ff81242a000 	/System/Library/Frameworks/Carbon.framework/Versions/A/Frameworks/SpeechRecognition.framework/Versions/A/SpeechRecognition
0x00007ff808b60000 	/System/Library/PrivateFrameworks/CoreUI.framework/Versions/A/CoreUI
0x00007ff802faf000 	/System/Library/Frameworks/CoreAudio.framework/Versions/A/CoreAudio
0x00007ff808158000 	/System/Library/Frameworks/DiskArbitration.framework/Versions/A/DiskArbitration
0x00007ff80da58000 	/System/Library/PrivateFrameworks/MultitouchSupport.framework/Versions/A/MultitouchSupport
0x00007ff8065e1000 	/usr/lib/libenergytrace.dylib
0x00007ff804043000 	/System/Library/Frameworks/IOKit.framework/Versions/A/IOKit
0x00007ff81281a000 	/System/Library/Frameworks/CoreServices.framework/Versions/A/CoreServices
0x00007ff808d9a000 	/System/Library/PrivateFrameworks/PerformanceAnalysis.framework/Versions/A/PerformanceAnalysis
0x00007ffa1a462000 	/System/Library/Frameworks/OpenGL.framework/Versions/A/OpenGL
0x00007ff80b9bf000 	/System/Library/PrivateFrameworks/MobileKeyBag.framework/Versions/A/MobileKeyBag
0x00007ff80151f000 	/usr/lib/libobjc.A.dylib
0x00007ff8070c9000 	/System/Library/Frameworks/ColorSync.framework/Versions/A/ColorSync
0x00007ff8016d9000 	/System/Library/Frameworks/CoreFoundation.framework/Versions/A/CoreFoundation
0x00007ff80a953000 	/System/Library/Frameworks/CoreImage.framework/Versions/A/CoreImage
0x00007ff802dc3000 	/System/Library/Frameworks/CoreText.framework/Versions/A/CoreText
0x00007ff80a70d000 	/System/Library/Frameworks/ImageIO.framework/Versions/A/ImageIO
0x00007ff80c489000 	/System/Library/PrivateFrameworks/SoftLinking.framework/Versions/A/SoftLinking
0x00007ff808e4b000 	/usr/lib/libxml2.2.dylib
0x00007ff8015e5000 	/usr/lib/libc++.1.dylib
0x00007ff80c70d000 	/usr/lib/libcompression.dylib
0x00007ff80e1bd000 	/System/Library/PrivateFrameworks/TextureIO.framework/Versions/A/TextureIO
0x00007ff80cdfb000 	/usr/lib/libate.dylib
0x00007ff80c47e000 	/usr/lib/system/libcache.dylib
0x00007ff80c43a000 	/usr/lib/system/libcommonCrypto.dylib
0x00007ff80c463000 	/usr/lib/system/libcompiler_rt.dylib
0x00007ff80c459000 	/usr/lib/system/libcopyfile.dylib
0x00007ff80141a000 	/usr/lib/system/libcorecrypto.dylib
0x00007ff8014d8000 	/usr/lib/system/libdispatch.dylib
0x00007ff801698000 	/usr/lib/system/libdyld.dylib
0x00007ff80c475000 	/usr/lib/system/libkeymgr.dylib
0x00007ff80c418000 	/usr/lib/system/libmacho.dylib
0x00007ff80ba99000 	/usr/lib/system/libquarantine.dylib
0x00007ff80c473000 	/usr/lib/system/libremovefile.dylib
0x00007ff80662f000 	/usr/lib/system/libsystem_asl.dylib
0x00007ff8013c3000 	/usr/lib/system/libsystem_blocks.dylib
0x00007ff80155c000 	/usr/lib/system/libsystem_c.dylib
0x00007ff80c46b000 	/usr/lib/system/libsystem_collections.dylib
0x00007ff80ad4d000 	/usr/lib/system/libsystem_configuration.dylib
0x00007ff809ffa000 	/usr/lib/system/libsystem_containermanager.dylib
0x00007ff80c150000 	/usr/lib/system/libsystem_coreservices.dylib
0x00007ff803cd3000 	/usr/lib/system/libsystem_darwin.dylib
0x00007ff80c476000 	/usr/lib/system/libsystem_dnssd.dylib
0x00007ff801559000 	/usr/lib/system/libsystem_featureflags.dylib
0x00007ff8016ae000 	/usr/lib/system/libsystem_info.dylib
0x00007ff80c3b6000 	/usr/lib/system/libsystem_m.dylib
0x00007ff8014ac000 	/usr/lib/system/libsystem_malloc.dylib
0x00007ff8065ca000 	/usr/lib/system/libsystem_networkextension.dylib
0x00007ff8040f9000 	/usr/lib/system/libsystem_notify.dylib
0x00007ff8126ef000 	/usr/lib/system/libsystem_product_info_filter.dylib
0x00007ff80ad51000 	/usr/lib/system/libsystem_sandbox.dylib
0x00007ff80c470000 	/usr/lib/system/libsystem_secinit.dylib
0x00007ff801654000 	/usr/lib/system/libsystem_kernel.dylib
0x00007ff8016a4000 	/usr/lib/system/libsystem_platform.dylib
0x00007ff80168c000 	/usr/lib/system/libsystem_pthread.dylib
0x00007ff807e7b000 	/usr/lib/system/libsystem_symptoms.dylib
0x00007ff801401000 	/usr/lib/system/libsystem_trace.dylib
0x00007ff80c446000 	/usr/lib/system/libunwind.dylib
0x00007ff8013c5000 	/usr/lib/system/libxpc.dylib
0x00007ff80163e000 	/usr/lib/libc++abi.dylib
0x00007ff80c451000 	/usr/lib/liboah.dylib
0x00007ff80cbd7000 	/usr/lib/liblzma.5.dylib
0x00007ff80226a000 	/System/Library/Frameworks/SystemConfiguration.framework/Versions/A/SystemConfiguration
0x00007ff80c485000 	/usr/lib/libfakelink.dylib
0x00007ff80613b000 	/System/Library/Frameworks/CFNetwork.framework/Versions/A/CFNetwork
0x00007ff80c5c6000 	/usr/lib/libarchive.2.dylib
0x00007ff80ad59000 	/System/Library/PrivateFrameworks/AppleSystemInfo.framework/Versions/A/AppleSystemInfo
0x00007ff80bac0000 	/usr/lib/libbsm.0.dylib
0x00007ff80574a000 	/usr/lib/libnetwork.dylib
0x00007ff80c41e000 	/usr/lib/system/libkxld.dylib
0x00007ff80b6f3000 	/System/Library/PrivateFrameworks/IOMobileFramebuffer.framework/Versions/A/IOMobileFramebuffer
0x00007ffb19836000 	/usr/lib/libCoreEntitlements.dylib
0x00007ff80c132000 	/System/Library/PrivateFrameworks/AppleFSCompression.framework/Versions/A/AppleFSCompression
0x00007ff80baa8000 	/usr/lib/libcoretls.dylib
0x00007ff80cbf1000 	/usr/lib/libcoretls_cfhelpers.dylib
0x00007ff80c708000 	/usr/lib/libpam.2.dylib
0x00007ff807a9b000 	/usr/lib/libsqlite3.dylib
0x00007ff80cc60000 	/usr/lib/libxar.1.dylib
0x00007ff80c142000 	/usr/lib/libbz2.1.0.dylib
0x00007ff80c48a000 	/usr/lib/libpcap.A.dylib
0x00007ff807e73000 	/usr/lib/libdns_services.dylib
0x00007ff80c6d8000 	/usr/lib/libapple_nghttp2.dylib
0x00007ff80c4c4000 	/usr/lib/libiconv.2.dylib
0x00007ff80c417000 	/usr/lib/libcharset.1.dylib
0x00007ff808dce000 	/System/Library/Frameworks/CoreServices.framework/Versions/A/Frameworks/FSEvents.framework/Versions/A/FSEvents
0x00007ff803cdd000 	/System/Library/Frameworks/CoreServices.framework/Versions/A/Frameworks/CarbonCore.framework/Versions/A/CarbonCore
0x00007ff8080bc000 	/System/Library/Frameworks/CoreServices.framework/Versions/A/Frameworks/Metadata.framework/Versions/A/Metadata
0x00007ff80c155000 	/System/Library/Frameworks/CoreServices.framework/Versions/A/Frameworks/OSServices.framework/Versions/A/OSServices
0x00007ff80c64d000 	/System/Library/Frameworks/CoreServices.framework/Versions/A/Frameworks/SearchKit.framework/Versions/A/SearchKit
0x00007ff807e06000 	/System/Library/Frameworks/CoreServices.framework/Versions/A/Frameworks/AE.framework/Versions/A/AE
0x00007ff801bdc000 	/System/Library/Frameworks/CoreServices.framework/Versions/A/Frameworks/LaunchServices.framework/Versions/A/LaunchServices
0x00007ff80cb88000 	/System/Library/Frameworks/CoreServices.framework/Versions/A/Frameworks/DictionaryServices.framework/Versions/A/DictionaryServices
0x00007ff808ddb000 	/System/Library/Frameworks/CoreServices.framework/Versions/A/Frameworks/SharedFileList.framework/Versions/A/SharedFileList
0x00007ff80ba9c000 	/usr/lib/libCheckFix.dylib
0x00007ff806646000 	/System/Library/PrivateFrameworks/TCC.framework/Versions/A/TCC
0x00007ff80ad5f000 	/System/Library/PrivateFrameworks/CoreNLP.framework/Versions/A/CoreNLP
0x00007ff80806c000 	/System/Library/PrivateFrameworks/MetadataUtilities.framework/Versions/A/MetadataUtilities
0x00007ff80231e000 	/usr/lib/libmecabra.dylib
0x00007ff80bad0000 	/usr/lib/libmecab.dylib
0x00007ff8022e9000 	/usr/lib/libCRFSuite.dylib
0x00007ff80bb2a000 	/usr/lib/libgermantok.dylib
0x00007ff80c6b3000 	/usr/lib/libThaiTokenizer.dylib
0x00007ff80815f000 	/System/Library/Frameworks/Accelerate.framework/Versions/A/Frameworks/vImage.framework/Versions/A/vImage
0x00007ff8127f1000 	/System/Library/Frameworks/Accelerate.framework/Versions/A/Frameworks/vecLib.framework/Versions/A/vecLib
0x00007ff80cca1000 	/System/Library/Frameworks/Accelerate.framework/Versions/A/Frameworks/vecLib.framework/Versions/A/libvMisc.dylib
0x00007ff80b51e000 	/System/Library/Frameworks/Accelerate.framework/Versions/A/Frameworks/vecLib.framework/Versions/A/libvDSP.dylib
0x00007ff801f5a000 	/System/Library/Frameworks/Accelerate.framework/Versions/A/Frameworks/vecLib.framework/Versions/A/libBLAS.dylib
0x00007ff80c7ea000 	/System/Library/Frameworks/Accelerate.framework/Versions/A/Frameworks/vecLib.framework/Versions/A/libLAPACK.dylib
0x00007ff80bb2d000 	/System/Library/Frameworks/Accelerate.framework/Versions/A/Frameworks/vecLib.framework/Versions/A/libLinearAlgebra.dylib
0x00007ff80c6f0000 	/System/Library/Frameworks/Accelerate.framework/Versions/A/Frameworks/vecLib.framework/Versions/A/libSparseBLAS.dylib
0x00007ff80c7e4000 	/System/Library/Frameworks/Accelerate.framework/Versions/A/Frameworks/vecLib.framework/Versions/A/libQuadrature.dylib
0x00007ff80ae4a000 	/System/Library/Frameworks/Accelerate.framework/Versions/A/Frameworks/vecLib.framework/Versions/A/libBNNS.dylib
0x00007ff8021f4000 	/System/Library/Frameworks/Accelerate.framework/Versions/A/Frameworks/vecLib.framework/Versions/A/libSparse.dylib
0x00007ff80ae43000 	/System/Library/PrivateFrameworks/LinguisticData.framework/Versions/A/LinguisticData
0x00007ff8021aa000 	/System/Library/PrivateFrameworks/Lexicon.framework/Versions/A/Lexicon
0x00007ff80cc9a000 	/usr/lib/libChineseTokenizer.dylib
0x00007ff802918000 	/System/Library/PrivateFrameworks/LanguageModeling.framework/Versions/A/LanguageModeling
0x00007ff80c6b5000 	/System/Library/PrivateFrameworks/AppleSauce.framework/Versions/A/AppleSauce
0x00007ff80b6e1000 	/System/Library/PrivateFrameworks/CoreEmoji.framework/Versions/A/CoreEmoji
0x00007ff80c5b5000 	/usr/lib/libcmph.dylib
0x00007ff808db2000 	/System/Library/Frameworks/OpenDirectory.framework/Versions/A/Frameworks/CFOpenDirectory.framework/Versions/A/CFOpenDirectory
0x00007ff808da6000 	/System/Library/Frameworks/OpenDirectory.framework/Versions/A/OpenDirectory
0x00007ff80cbf3000 	/System/Library/PrivateFrameworks/APFS.framework/Versions/A/APFS
0x00007ff80b9f7000 	/System/Library/Frameworks/SecurityFoundation.framework/Versions/A/SecurityFoundation
0x00007ff80cc6e000 	/usr/lib/libutil.dylib
0x00007ff804007000 	/System/Library/PrivateFrameworks/CoreServicesStore.framework/Versions/A/CoreServicesStore
0x00007ff80cc72000 	/usr/lib/libxslt.1.dylib
0x00007ff80ba84000 	/System/Library/PrivateFrameworks/BackgroundTaskManagement.framework/Versions/A/BackgroundTaskManagement
0x00007ff80e0dd000 	/System/Library/Frameworks/ImageIO.framework/Versions/A/Resources/libRadiance.dylib
0x00007ff80e0e6000 	/System/Library/Frameworks/ImageIO.framework/Versions/A/Resources/libJPEG.dylib
0x00007ff80e037000 	/System/Library/Frameworks/ImageIO.framework/Versions/A/Resources/libPng.dylib
0x00007ff80e058000 	/System/Library/Frameworks/ImageIO.framework/Versions/A/Resources/libTIFF.dylib
0x00007ff80e146000 	/System/Library/Frameworks/ImageIO.framework/Versions/A/Resources/libGIF.dylib
0x00007ff80d972000 	/System/Library/Frameworks/ImageIO.framework/Versions/A/Resources/libJP2.dylib
0x00007ff80d0b0000 	/usr/lib/libexpat.1.dylib
0x00007ff80d927000 	/System/Library/PrivateFrameworks/AppleJPEG.framework/Versions/A/AppleJPEG
0x00007ff80a294000 	/System/Library/PrivateFrameworks/FontServices.framework/libFontParser.dylib
0x00007ff807db0000 	/System/Library/PrivateFrameworks/RunningBoardServices.framework/Versions/A/RunningBoardServices
0x00007ff818aa9000 	/System/Library/PrivateFrameworks/IOSurfaceAccelerator.framework/Versions/A/IOSurfaceAccelerator
0x00007ff80da54000 	/System/Library/PrivateFrameworks/WatchdogClient.framework/Versions/A/WatchdogClient
0x00007ff802a06000 	/System/Library/Frameworks/CoreDisplay.framework/Versions/A/CoreDisplay
0x00007ff80a192000 	/System/Library/Frameworks/CoreMedia.framework/Versions/A/CoreMedia
0x00007ff80a029000 	/System/Library/PrivateFrameworks/IOAccelerator.framework/Versions/A/IOAccelerator
0x00007ff808f2f000 	/System/Library/Frameworks/CoreVideo.framework/Versions/A/CoreVideo
0x00007ff80c706000 	/System/Library/Frameworks/MetalPerformanceShaders.framework/Versions/A/MetalPerformanceShaders
0x00007ff80da91000 	/System/Library/Frameworks/VideoToolbox.framework/Versions/A/VideoToolbox
0x00007ff807cfa000 	/System/Library/PrivateFrameworks/BaseBoard.framework/Versions/A/BaseBoard
0x00007ff807a81000 	/System/Library/PrivateFrameworks/ProtocolBuffer.framework/Versions/A/ProtocolBuffer
0x00007ff80e0d6000 	/System/Library/PrivateFrameworks/GPUWrangler.framework/Versions/A/GPUWrangler
0x00007ff80e0ba000 	/System/Library/PrivateFrameworks/IOPresentment.framework/Versions/A/IOPresentment
0x00007ff80e0e0000 	/System/Library/PrivateFrameworks/DSExternalDisplay.framework/Versions/A/DSExternalDisplay
0x00007ffa1a456000 	/System/Library/Frameworks/OpenGL.framework/Versions/A/Libraries/libCoreFSCache.dylib
0x00007ffb06f5a000 	/System/Library/PrivateFrameworks/GPUCompiler.framework/Versions/31001/Libraries/libGPUCompilerUtils.dylib
0x00007ff80e14b000 	/System/Library/PrivateFrameworks/CMCaptureCore.framework/Versions/A/CMCaptureCore
0x00007ff80d658000 	/System/Library/PrivateFrameworks/AppServerSupport.framework/Versions/A/AppServerSupport
0x00007ff80f917000 	/System/Library/PrivateFrameworks/perfdata.framework/Versions/A/perfdata
0x00007ff802b32000 	/System/Library/PrivateFrameworks/AudioToolboxCore.framework/Versions/A/AudioToolboxCore
0x00007ff80a170000 	/System/Library/PrivateFrameworks/caulk.framework/Versions/A/caulk
0x00007ff80f229000 	/usr/lib/libAudioStatistics.dylib
0x00007ff906f20000 	/System/Library/PrivateFrameworks/SystemPolicy.framework/Versions/A/SystemPolicy
0x00007ff80f484000 	/usr/lib/libSMC.dylib
0x00007ff8183a1000 	/System/Library/Frameworks/CoreMIDI.framework/Versions/A/CoreMIDI
0x00007ff80e006000 	/usr/lib/libAudioToolboxUtility.dylib
0x00007ff903155000 	/System/Library/PrivateFrameworks/OSAServicesClient.framework/Versions/A/OSAServicesClient
0x00007ff80f924000 	/usr/lib/libperfcheck.dylib
0x00007ff9079ca000 	/usr/lib/libmis.dylib
0x00007ffa1a4b1000 	/System/Library/Frameworks/OpenGL.framework/Versions/A/Libraries/libGLU.dylib
0x00007ffa1a475000 	/System/Library/Frameworks/OpenGL.framework/Versions/A/Libraries/libGFXShared.dylib
0x00007ffa1a67e000 	/System/Library/Frameworks/OpenGL.framework/Versions/A/Libraries/libGL.dylib
0x00007ffa1a47e000 	/System/Library/Frameworks/OpenGL.framework/Versions/A/Libraries/libGLImage.dylib
0x00007ffa1a472000 	/System/Library/Frameworks/OpenGL.framework/Versions/A/Libraries/libCVMSPluginSupport.dylib
0x00007ffa1a45d000 	/System/Library/Frameworks/OpenGL.framework/Versions/A/Libraries/libCoreVMClient.dylib
0x00007ff80acdb000 	/System/Library/Frameworks/MetalPerformanceShaders.framework/Versions/A/Frameworks/MPSCore.framework/Versions/A/MPSCore
0x00007ff80c09d000 	/System/Library/Frameworks/MetalPerformanceShaders.framework/Versions/A/Frameworks/MPSImage.framework/Versions/A/MPSImage
0x00007ff80bb43000 	/System/Library/Frameworks/MetalPerformanceShaders.framework/Versions/A/Frameworks/MPSNeuralNetwork.framework/Versions/A/MPSNeuralNetwork
0x00007ff80bfb7000 	/System/Library/Frameworks/MetalPerformanceShaders.framework/Versions/A/Frameworks/MPSMatrix.framework/Versions/A/MPSMatrix
0x00007ff80bd72000 	/System/Library/Frameworks/MetalPerformanceShaders.framework/Versions/A/Frameworks/MPSRayIntersector.framework/Versions/A/MPSRayIntersector
0x00007ff80bfef000 	/System/Library/Frameworks/MetalPerformanceShaders.framework/Versions/A/Frameworks/MPSNDArray.framework/Versions/A/MPSNDArray
0x00007ffa1f678000 	/System/Library/Frameworks/MetalPerformanceShaders.framework/Versions/A/Frameworks/MPSFunctions.framework/Versions/A/MPSFunctions
0x00007ff801e33000 	/System/Library/PrivateFrameworks/MetalTools.framework/Versions/A/MetalTools
0x00007ff80ad57000 	/System/Library/PrivateFrameworks/AggregateDictionary.framework/Versions/A/AggregateDictionary
0x00007ff80ce92000 	/usr/lib/libIOReport.dylib
0x00007ffa1ba8d000 	/System/Library/Frameworks/OpenCL.framework/Versions/A/OpenCL
0x00007ff80d1f6000 	/System/Library/PrivateFrameworks/FaceCore.framework/Versions/A/FaceCore
0x00007ff80d1e7000 	/System/Library/PrivateFrameworks/GraphVisualizer.framework/Versions/A/GraphVisualizer
0x00007ffb06e65000 	/System/Library/PrivateFrameworks/FontServices.framework/Versions/A/FontServices
0x00007ff80d610000 	/System/Library/PrivateFrameworks/OTSVG.framework/Versions/A/OTSVG
0x00007ff808b16000 	/System/Library/Frameworks/ApplicationServices.framework/Versions/A/Frameworks/ATS.framework/Versions/A/Resources/libFontRegistry.dylib
0x00007ff80d660000 	/System/Library/PrivateFrameworks/FontServices.framework/libhvf.dylib
0x00007ffb06e66000 	/System/Library/PrivateFrameworks/FontServices.framework/libXTFontStaticRegistryData.dylib
0x00007ff80d060000 	/System/Library/PrivateFrameworks/AppleVA.framework/Versions/A/AppleVA
0x00007ff80f249000 	/System/Library/Frameworks/ApplicationServices.framework/Versions/A/Frameworks/ATS.framework/Versions/A/ATS
0x00007ff8071c7000 	/System/Library/Frameworks/ApplicationServices.framework/Versions/A/Frameworks/HIServices.framework/Versions/A/HIServices
0x00007ff80e155000 	/System/Library/Frameworks/ApplicationServices.framework/Versions/A/Frameworks/PrintCore.framework/Versions/A/PrintCore
0x00007ff80f5d7000 	/System/Library/Frameworks/ApplicationServices.framework/Versions/A/Frameworks/QD.framework/Versions/A/QD
0x00007ff80f5cf000 	/System/Library/Frameworks/ApplicationServices.framework/Versions/A/Frameworks/ColorSyncLegacy.framework/Versions/A/ColorSyncLegacy
0x00007ff80f239000 	/System/Library/Frameworks/ApplicationServices.framework/Versions/A/Frameworks/SpeechSynthesis.framework/Versions/A/SpeechSynthesis
0x00007ff80e116000 	/System/Library/Frameworks/ApplicationServices.framework/Versions/A/Frameworks/ATSUI.framework/Versions/A/ATSUI
0x00007ff80f564000 	/usr/lib/libcups.2.dylib
0x00007ff80f933000 	/System/Library/Frameworks/Kerberos.framework/Versions/A/Kerberos
0x00007ff80f942000 	/System/Library/Frameworks/GSS.framework/Versions/A/GSS
0x00007ff80f2b5000 	/usr/lib/libresolv.9.dylib
0x00007ff80d66f000 	/System/Library/PrivateFrameworks/Heimdal.framework/Versions/A/Heimdal
0x00007ff816524000 	/System/Library/Frameworks/Kerberos.framework/Versions/A/Libraries/libHeimdalProxy.dylib
0x00007ff807e83000 	/System/Library/Frameworks/Network.framework/Versions/A/Network
0x00007ff80d0ca000 	/usr/lib/libheimdal-asn1.dylib
0x00007ff80f98d000 	/System/Library/PrivateFrameworks/CommonAuth.framework/Versions/A/CommonAuth
0x00007ff80f1bb000 	/System/Library/PrivateFrameworks/AudioSession.framework/Versions/A/AudioSession
0x00007ff80d15a000 	/System/Library/PrivateFrameworks/MediaExperience.framework/Versions/A/MediaExperience
0x00007ff80f04e000 	/System/Library/PrivateFrameworks/AudioSession.framework/libSessionUtility.dylib
0x00007ff80f5e3000 	/System/Library/PrivateFrameworks/AudioResourceArbitration.framework/Versions/A/AudioResourceArbitration
0x00007ff813664000 	/System/Library/PrivateFrameworks/PowerLog.framework/Versions/A/PowerLog
0x00007ff80d0d3000 	/System/Library/PrivateFrameworks/IconFoundation.framework/Versions/A/IconFoundation
0x00007ff81241a000 	/System/Library/PrivateFrameworks/SpeechRecognitionCore.framework/Versions/A/SpeechRecognitionCore
0x000000010b597000 	/Library/Java/JavaVirtualMachines/temurin-11.jdk/Contents/Home/lib/server/libjvm.dylib
0x000000010a7ff000 	/Library/Java/JavaVirtualMachines/temurin-11.jdk/Contents/Home/lib/libverify.dylib
0x000000010a83c000 	/Library/Java/JavaVirtualMachines/temurin-11.jdk/Contents/Home/lib/libjava.dylib
0x000000010a810000 	/Library/Java/JavaVirtualMachines/temurin-11.jdk/Contents/Home/lib/libjimage.dylib
0x000000010a829000 	/Library/Java/JavaVirtualMachines/temurin-11.jdk/Contents/Home/lib/libzip.dylib
0x000000010b2e2000 	/Library/Java/JavaVirtualMachines/temurin-11.jdk/Contents/Home/lib/libnio.dylib
0x000000010b30e000 	/Library/Java/JavaVirtualMachines/temurin-11.jdk/Contents/Home/lib/libnet.dylib
0x000000010b2f5000 	/Users/francescopriola/.openjfx/cache/11/libprism_es2.dylib
0x00007ff803fc9000 	/System/Library/PrivateFrameworks/CoreServicesInternal.framework/Versions/A/CoreServicesInternal
0x00007ffa1a689000 	/System/Library/Frameworks/OpenGL.framework/Versions/A/Resources/GLEngine.bundle/GLEngine
0x00007ffa1a4ef000 	/System/Library/Frameworks/OpenGL.framework/Versions/A/Libraries/libGLProgrammability.dylib
0x00007ffa0f511000 	/System/Library/Extensions/AppleIntelKBLGraphicsGLDriver.bundle/Contents/MacOS/AppleIntelKBLGraphicsGLDriver
0x00007ff911b4f000 	/System/Library/PrivateFrameworks/GPUSupport.framework/Versions/A/Libraries/libGPUSupportMercury.dylib
0x00007ffa1a813000 	/System/Library/Frameworks/OpenGL.framework/Versions/A/Resources/GLRendererFloat.bundle/GLRendererFloat
0x000000010f201000 	/Users/francescopriola/.openjfx/cache/11/libglass.dylib
0x00007ff813c55000 	/System/Library/Frameworks/FileProvider.framework/Versions/A/FileProvider
0x00007ff807c67000 	/System/Library/Frameworks/Accounts.framework/Versions/A/Accounts
0x00007ff813dce000 	/System/Library/PrivateFrameworks/GenerationalStorage.framework/Versions/A/GenerationalStorage
0x00007ff8148de000 	/System/Library/PrivateFrameworks/CoreSymbolication.framework/Versions/A/CoreSymbolication
0x00007ff813659000 	/System/Library/PrivateFrameworks/SymptomDiagnosticReporter.framework/Versions/A/SymptomDiagnosticReporter
0x00007ff805288000 	/System/Library/PrivateFrameworks/DesktopServicesPriv.framework/Versions/A/DesktopServicesPriv
0x00007ff804108000 	/usr/lib/libsandbox.1.dylib
0x00007ff808fae000 	/System/Library/PrivateFrameworks/UserManagement.framework/Versions/A/UserManagement
0x00007ff8148a3000 	/System/Library/PrivateFrameworks/DebugSymbols.framework/Versions/A/DebugSymbols
0x00007ff80f5c4000 	/System/Library/PrivateFrameworks/NetAuth.framework/Versions/A/NetAuth
0x00007ff8104d3000 	/System/Library/PrivateFrameworks/Sharing.framework/Versions/A/Sharing
0x00007ff808f81000 	/System/Library/PrivateFrameworks/login.framework/Versions/A/Frameworks/loginsupport.framework/Versions/A/loginsupport
0x00007ff815a41000 	/System/Library/PrivateFrameworks/Apple80211.framework/Versions/A/Apple80211
0x00007ff80c182000 	/System/Library/PrivateFrameworks/AuthKit.framework/Versions/A/AuthKit
0x00007ff80b7d7000 	/System/Library/PrivateFrameworks/CoreUtils.framework/Versions/A/CoreUtils
0x00007ff80b6fe000 	/System/Library/Frameworks/CoreWLAN.framework/Versions/A/CoreWLAN
0x00007ff810632000 	/System/Library/Frameworks/IOBluetooth.framework/Versions/A/IOBluetooth
0x00007ff815aa9000 	/System/Library/PrivateFrameworks/CoreWiFi.framework/Versions/A/CoreWiFi
0x00007ff814478000 	/System/Library/PrivateFrameworks/FrontBoardServices.framework/Versions/A/FrontBoardServices
0x00007ff814509000 	/System/Library/PrivateFrameworks/BoardServices.framework/Versions/A/BoardServices
0x00007ff80b9e6000 	/System/Library/PrivateFrameworks/AssertionServices.framework/Versions/A/AssertionServices
0x00007ff815c2c000 	/System/Library/PrivateFrameworks/BackBoardServices.framework/Versions/A/BackBoardServices
0x00007ff80fa1e000 	/System/Library/PrivateFrameworks/CorePhoneNumbers.framework/Versions/A/CorePhoneNumbers
0x00007ff80f2e2000 	/System/Library/PrivateFrameworks/MultiverseSupport.framework/Versions/A/MultiverseSupport
0x00007ff815e9f000 	/System/Library/PrivateFrameworks/RemoteServiceDiscovery.framework/Versions/A/RemoteServiceDiscovery
0x00007ff813776000 	/System/Library/PrivateFrameworks/DiskManagement.framework/Versions/A/DiskManagement
0x00007ff81368a000 	/System/Library/PrivateFrameworks/AppleIDAuthSupport.framework/Versions/A/AppleIDAuthSupport
0x00007ffb017fc000 	/System/Library/PrivateFrameworks/AAAFoundation.framework/Versions/A/AAAFoundation
0x00007ff80f9ff000 	/System/Library/PrivateFrameworks/KeychainCircle.framework/Versions/A/KeychainCircle
0x00007ff815eaf000 	/System/Library/PrivateFrameworks/RemoteXPC.framework/Versions/A/RemoteXPC
0x00007ff813742000 	/System/Library/PrivateFrameworks/MediaKit.framework/Versions/A/MediaKit
0x00007ff813696000 	/System/Library/Frameworks/DiscRecording.framework/Versions/A/DiscRecording
0x00007ff80cfd8000 	/usr/lib/libCoreStorage.dylib
0x00007ff815f1a000 	/usr/lib/libcsfde.dylib
0x00007ff8106ff000 	/System/Library/PrivateFrameworks/ProtectedCloudStorage.framework/Versions/A/ProtectedCloudStorage
0x00007ff815f16000 	/System/Library/PrivateFrameworks/EFILogin.framework/Versions/A/EFILogin
0x00007ff813df4000 	/System/Library/PrivateFrameworks/OctagonTrust.framework/Versions/A/OctagonTrust
0x00007ffb060c8000 	/System/Library/PrivateFrameworks/CoreUtilsExtras.framework/Versions/A/CoreUtilsExtras
0x00007ff8135bd000 	/System/Library/Frameworks/CoreBluetooth.framework/Versions/A/CoreBluetooth
0x00007ff8165a9000 	/System/Library/Frameworks/AudioUnit.framework/Versions/A/AudioUnit
0x00007ff80cfd0000 	/usr/lib/libMatch.1.dylib
0x00007ff90bfdc000 	/System/Library/Frameworks/Accelerate.framework/Versions/A/Frameworks/vImage.framework/Versions/A/Libraries/libCGInterfaces.dylib
0x000000012df6b000 	/usr/lib/libobjc-trampolines.dylib
0x00007ff808ca6000 	/System/Library/PrivateFrameworks/ViewBridge.framework/Versions/A/ViewBridge
0x00007ff80ce9b000 	/System/Library/PrivateFrameworks/CrashReporterSupport.framework/Versions/A/CrashReporterSupport
0x00007ff9139e1000 	/System/Library/PrivateFrameworks/OSAnalytics.framework/Versions/A/OSAnalytics
0x00007ff91eb76000 	/System/Library/PrivateFrameworks/Symbolication.framework/Versions/A/Symbolication
0x00007ff9079a7000 	/System/Library/PrivateFrameworks/MallocStackLogging.framework/Versions/A/MallocStackLogging
0x0000000130d65000 	/Users/francescopriola/.openjfx/cache/11/libjavafx_font.dylib
0x00007ff80d726000 	/System/Library/PrivateFrameworks/login.framework/Versions/A/login
0x00007ffb19925000 	/usr/lib/libRosetta.dylib
0x00000001356a6000 	/Library/Java/JavaVirtualMachines/temurin-11.jdk/Contents/Home/lib/libextnet.dylib


VM Arguments:
jvm_args: -Dfile.encoding=UTF-8 
java_command: it.polito.tdp.genes.Main
java_class_path (initial): /Users/francescopriola/git/2021-06-01-simulazione/target/classes:/Users/francescopriola/.m2/repository/org/openjfx/javafx-controls/11/javafx-controls-11.jar:/Users/francescopriola/.m2/repository/org/openjfx/javafx-controls/11/javafx-controls-11-mac.jar:/Users/francescopriola/.m2/repository/org/openjfx/javafx-graphics/11/javafx-graphics-11.jar:/Users/francescopriola/.m2/repository/org/openjfx/javafx-graphics/11/javafx-graphics-11-mac.jar:/Users/francescopriola/.m2/repository/org/openjfx/javafx-base/11/javafx-base-11.jar:/Users/francescopriola/.m2/repository/org/openjfx/javafx-base/11/javafx-base-11-mac.jar:/Users/francescopriola/.m2/repository/org/openjfx/javafx-fxml/11/javafx-fxml-11.jar:/Users/francescopriola/.m2/repository/org/openjfx/javafx-fxml/11/javafx-fxml-11-mac.jar:/Users/francescopriola/.m2/repository/com/zaxxer/HikariCP/3.4.2/HikariCP-3.4.2.jar:/Users/francescopriola/.m2/repository/org/jgrapht/jgrapht-core/1.5.1/jgrapht-core-1.5.1.jar:/Users/francescopriola/.m2/repository/org/jheaps/jheaps/0.13/jheaps-0.13.jar:/Users/francescopriola/.m2/repository/org/mariadb/jdbc/mariadb-java-client/2.5.4/mariadb-java-client-2.5.4.jar:/Users/francescopriola/.m2/repository/org/slf4j/slf4j-api/1.7.30/slf4j-api-1.7.30.jar:/Users/francescopriola/.m2/repository/org/slf4j/slf4j-simple/1.7.30/slf4j-simple-1.7.30.jar
Launcher Type: SUN_STANDARD

[Global flags]
     intx CICompilerCount                          = 3                                         {product} {ergonomic}
     uint ConcGCThreads                            = 1                                         {product} {ergonomic}
     uint G1ConcRefinementThreads                  = 4                                         {product} {ergonomic}
   size_t G1HeapRegionSize                         = 1048576                                   {product} {ergonomic}
    uintx GCDrainStackTargetSize                   = 64                                        {product} {ergonomic}
   size_t InitialHeapSize                          = 134217728                                 {product} {ergonomic}
   size_t MarkStackSize                            = 4194304                                   {product} {ergonomic}
   size_t MaxHeapSize                              = 2147483648                                {product} {ergonomic}
   size_t MaxNewSize                               = 1287651328                                {product} {ergonomic}
   size_t MinHeapDeltaBytes                        = 1048576                                   {product} {ergonomic}
    uintx NonNMethodCodeHeapSize                   = 5830732                                {pd product} {ergonomic}
    uintx NonProfiledCodeHeapSize                  = 122913754                              {pd product} {ergonomic}
    uintx ProfiledCodeHeapSize                     = 122913754                              {pd product} {ergonomic}
    uintx ReservedCodeCacheSize                    = 251658240                              {pd product} {ergonomic}
     bool SegmentedCodeCache                       = true                                      {product} {ergonomic}
     bool UseCompressedClassPointers               = true                                 {lp64_product} {ergonomic}
     bool UseCompressedOops                        = true                                 {lp64_product} {ergonomic}
     bool UseG1GC                                  = true                                      {product} {ergonomic}

Logging:
Log output configuration:
 #0: stdout all=warning uptime,level,tags
 #1: stderr all=off uptime,level,tags

Environment Variables:
PATH=/usr/bin:/bin:/usr/sbin:/sbin
SHELL=/bin/zsh

Signal Handlers:
SIGSEGV: [libjvm.dylib+0x7c69d4], sa_mask[0]=11111111011111110111111111111111, sa_flags=SA_ONSTACK|SA_RESTART|SA_SIGINFO
SIGBUS: [libjvm.dylib+0x7c69d4], sa_mask[0]=11111111011111110111111111111111, sa_flags=SA_RESTART|SA_SIGINFO
SIGFPE: [libjvm.dylib+0x7c69d4], sa_mask[0]=11111111011111110111111111111111, sa_flags=SA_RESTART|SA_SIGINFO
SIGPIPE: [libjvm.dylib+0x62b2ae], sa_mask[0]=11111111011111110111111111111111, sa_flags=SA_RESTART|SA_SIGINFO
SIGXFSZ: [libjvm.dylib+0x62b2ae], sa_mask[0]=11111111011111110111111111111111, sa_flags=SA_RESTART|SA_SIGINFO
SIGILL: [libjvm.dylib+0x7c69d4], sa_mask[0]=11111111011111110111111111111111, sa_flags=SA_RESTART|SA_SIGINFO
SIGUSR2: [libjvm.dylib+0x62b895], sa_mask[0]=00100000000000000000000000000000, sa_flags=SA_RESTART|SA_SIGINFO
SIGHUP: [libjvm.dylib+0x62a477], sa_mask[0]=11111111011111110111111111111111, sa_flags=SA_RESTART|SA_SIGINFO
SIGINT: [libjvm.dylib+0x62a477], sa_mask[0]=11111111011111110111111111111111, sa_flags=SA_RESTART|SA_SIGINFO
SIGTERM: [libjvm.dylib+0x62a477], sa_mask[0]=11111111011111110111111111111111, sa_flags=SA_RESTART|SA_SIGINFO
SIGQUIT: [libjvm.dylib+0x62a477], sa_mask[0]=11111111011111110111111111111111, sa_flags=SA_RESTART|SA_SIGINFO


---------------  S Y S T E M  ---------------

OS:uname:Darwin 21.5.0 Darwin Kernel Version 21.5.0: Tue Apr 26 21:08:22 PDT 2022; root:xnu-8020.121.3~4/RELEASE_X86_64 x86_64
OS uptime: 0 days 2:03 hours
rlimit (soft/hard): STACK 8192k/65532k , CORE 0k/infinity , NPROC 1392/2088 , NOFILE 10240/infinity , AS infinity/infinity , CPU infinity/infinity , DATA infinity/infinity , FSIZE infinity/infinity , MEMLOCK infinity/infinity , RSS infinity/infinity
load average:2.65 2.06 1.95

CPU:total 4 (initial active 4) (2 cores per cpu, 2 threads per core) family 6 model 142 stepping 9 microcode 0xf0, cmov, cx8, fxsr, mmx, sse, sse2, sse3, ssse3, sse4.1, sse4.2, popcnt, avx, avx2, aes, clmul, erms, rtm, 3dnowpref, lzcnt, ht, tsc, tscinvbit, bmi1, bmi2, adx, fma

Memory: 4k page, physical 8388608k(362412k free), swap 0k(0k free)

vm_info: OpenJDK 64-Bit Server VM (11.0.14.1+1) for bsd-amd64 JRE (11.0.14.1+1), built on Feb  8 2022 17:43:13 by "jenkins" with clang 4.2.1 Compatible Apple LLVM 10.0.1 (clang-1001.0.46.4)

END.
